2020-07-18 19:42:18,274 DEBUG    root            Loaded Command Group: ['gcloud', 'compute']
2020-07-18 19:42:18,292 DEBUG    root            Loaded Command Group: ['gcloud', 'compute', 'ssh']
2020-07-18 19:42:18,295 DEBUG    root            Running [gcloud.compute.ssh] with arguments: [[USER@]INSTANCE: "twitter-hatena"]
2020-07-18 19:42:18,398 DEBUG    root            (gcloud.compute.ssh) The required property [project] is not currently set.
You may set it for your current workspace by running:

  $ gcloud config set project VALUE

or it can be set temporarily by the environment variable [CLOUDSDK_CORE_PROJECT]
Traceback (most recent call last):
  File "/usr/local/Caskroom/google-cloud-sdk/latest/google-cloud-sdk/lib/googlecloudsdk/calliope/cli.py", line 983, in Execute
    resources = calliope_command.Run(cli=self, args=args)
  File "/usr/local/Caskroom/google-cloud-sdk/latest/google-cloud-sdk/lib/googlecloudsdk/calliope/backend.py", line 807, in Run
    resources = command_instance.Run(args)
  File "/usr/local/Caskroom/google-cloud-sdk/latest/google-cloud-sdk/lib/surface/compute/ssh.py", line 161, in Run
    scope_lister=instance_flags.GetInstanceZoneScopeLister(client))[0]
  File "/usr/local/Caskroom/google-cloud-sdk/latest/google-cloud-sdk/lib/googlecloudsdk/command_lib/compute/flags.py", line 546, in ResolveResources
    with_project=with_project)
  File "/usr/local/Caskroom/google-cloud-sdk/latest/google-cloud-sdk/lib/googlecloudsdk/command_lib/compute/flags.py", line 442, in _ResolveUnderspecifiedNames
    scope_lister)
  File "/usr/local/Caskroom/google-cloud-sdk/latest/google-cloud-sdk/lib/googlecloudsdk/command_lib/compute/scope_prompter.py", line 63, in PromptForScope
    underspecified_names)
  File "/usr/local/Caskroom/google-cloud-sdk/latest/google-cloud-sdk/lib/googlecloudsdk/command_lib/compute/instances/flags.py", line 141, in InstanceZoneScopeLister
    project = properties.VALUES.core.project.Get(required=True)
  File "/usr/local/Caskroom/google-cloud-sdk/latest/google-cloud-sdk/lib/googlecloudsdk/core/properties.py", line 2197, in Get
    required)
  File "/usr/local/Caskroom/google-cloud-sdk/latest/google-cloud-sdk/lib/googlecloudsdk/core/properties.py", line 2505, in _GetProperty
    raise RequiredPropertyError(prop, flag=flag_to_use)
googlecloudsdk.core.properties.RequiredPropertyError: The required property [project] is not currently set.
You may set it for your current workspace by running:

  $ gcloud config set project VALUE

or it can be set temporarily by the environment variable [CLOUDSDK_CORE_PROJECT]
2020-07-18 19:42:18,400 ERROR    root            (gcloud.compute.ssh) The required property [project] is not currently set.
You may set it for your current workspace by running:

  $ gcloud config set project VALUE

or it can be set temporarily by the environment variable [CLOUDSDK_CORE_PROJECT]
