2020-07-14 22:04:21,012 DEBUG    root            Loaded Command Group: ['gcloud', 'components']
2020-07-14 22:04:21,019 DEBUG    root            Loaded Command Group: ['gcloud', 'components', 'update']
2020-07-14 22:04:21,022 DEBUG    root            Running [gcloud.components.update] with arguments: [--allow-no-backup: "True", --quiet: "True", COMPONENT-IDS:6: "['core', 'gcloud-deps', 'bq', 'gcloud', 'gsutil', 'anthoscli']"]
2020-07-14 22:04:21,578 INFO     ___FILE_ONLY___ 

2020-07-14 22:04:21,579 INFO     ___FILE_ONLY___ 
Your current Cloud SDK version is: 300.0.0

2020-07-14 22:04:21,579 INFO     ___FILE_ONLY___ Installing components from version: 300.0.0

2020-07-14 22:04:21,580 INFO     ___FILE_ONLY___ 

2020-07-14 22:04:21,588 INFO     ___FILE_ONLY___ ┌─────────────────────────────────────────────────────────────────────────────┐
2020-07-14 22:04:21,589 INFO     ___FILE_ONLY___ 

2020-07-14 22:04:21,589 INFO     ___FILE_ONLY___ │                     These components will be installed.                     │
2020-07-14 22:04:21,589 INFO     ___FILE_ONLY___ 

2020-07-14 22:04:21,589 INFO     ___FILE_ONLY___ ├─────────────────────────────────────────────────────┬────────────┬──────────┤
2020-07-14 22:04:21,589 INFO     ___FILE_ONLY___ 

2020-07-14 22:04:21,589 INFO     ___FILE_ONLY___ │                         Name                        │  Version   │   Size   │
2020-07-14 22:04:21,590 INFO     ___FILE_ONLY___ 

2020-07-14 22:04:21,590 INFO     ___FILE_ONLY___ ├─────────────────────────────────────────────────────┼────────────┼──────────┤
2020-07-14 22:04:21,590 INFO     ___FILE_ONLY___ 

2020-07-14 22:04:21,590 INFO     ___FILE_ONLY___ │ 
2020-07-14 22:04:21,590 INFO     ___FILE_ONLY___ BigQuery Command Line Tool                         
2020-07-14 22:04:21,590 INFO     ___FILE_ONLY___  
2020-07-14 22:04:21,590 INFO     ___FILE_ONLY___ │ 
2020-07-14 22:04:21,590 INFO     ___FILE_ONLY___     2.0.58
2020-07-14 22:04:21,590 INFO     ___FILE_ONLY___  
2020-07-14 22:04:21,590 INFO     ___FILE_ONLY___ │ 
2020-07-14 22:04:21,590 INFO     ___FILE_ONLY___  < 1 MiB
2020-07-14 22:04:21,591 INFO     ___FILE_ONLY___  
2020-07-14 22:04:21,591 INFO     ___FILE_ONLY___ │
2020-07-14 22:04:21,591 INFO     ___FILE_ONLY___ 

2020-07-14 22:04:21,591 INFO     ___FILE_ONLY___ │ 
2020-07-14 22:04:21,591 INFO     ___FILE_ONLY___ BigQuery Command Line Tool (Platform Specific)     
2020-07-14 22:04:21,591 INFO     ___FILE_ONLY___  
2020-07-14 22:04:21,591 INFO     ___FILE_ONLY___ │ 
2020-07-14 22:04:21,591 INFO     ___FILE_ONLY___     2.0.58
2020-07-14 22:04:21,592 INFO     ___FILE_ONLY___  
2020-07-14 22:04:21,592 INFO     ___FILE_ONLY___ │ 
2020-07-14 22:04:21,592 INFO     ___FILE_ONLY___  < 1 MiB
2020-07-14 22:04:21,592 INFO     ___FILE_ONLY___  
2020-07-14 22:04:21,592 INFO     ___FILE_ONLY___ │
2020-07-14 22:04:21,592 INFO     ___FILE_ONLY___ 

2020-07-14 22:04:21,592 INFO     ___FILE_ONLY___ │ 
2020-07-14 22:04:21,592 INFO     ___FILE_ONLY___ Cloud SDK Core Libraries (Platform Specific)       
2020-07-14 22:04:21,593 INFO     ___FILE_ONLY___  
2020-07-14 22:04:21,593 INFO     ___FILE_ONLY___ │ 
2020-07-14 22:04:21,593 INFO     ___FILE_ONLY___ 2020.06.26
2020-07-14 22:04:21,593 INFO     ___FILE_ONLY___  
2020-07-14 22:04:21,593 INFO     ___FILE_ONLY___ │ 
2020-07-14 22:04:21,593 INFO     ___FILE_ONLY___  < 1 MiB
2020-07-14 22:04:21,593 INFO     ___FILE_ONLY___  
2020-07-14 22:04:21,593 INFO     ___FILE_ONLY___ │
2020-07-14 22:04:21,594 INFO     ___FILE_ONLY___ 

2020-07-14 22:04:21,594 INFO     ___FILE_ONLY___ │ 
2020-07-14 22:04:21,594 INFO     ___FILE_ONLY___ Cloud Storage Command Line Tool                    
2020-07-14 22:04:21,594 INFO     ___FILE_ONLY___  
2020-07-14 22:04:21,594 INFO     ___FILE_ONLY___ │ 
2020-07-14 22:04:21,594 INFO     ___FILE_ONLY___       4.51
2020-07-14 22:04:21,594 INFO     ___FILE_ONLY___  
2020-07-14 22:04:21,594 INFO     ___FILE_ONLY___ │ 
2020-07-14 22:04:21,594 INFO     ___FILE_ONLY___  3.5 MiB
2020-07-14 22:04:21,594 INFO     ___FILE_ONLY___  
2020-07-14 22:04:21,594 INFO     ___FILE_ONLY___ │
2020-07-14 22:04:21,594 INFO     ___FILE_ONLY___ 

2020-07-14 22:04:21,595 INFO     ___FILE_ONLY___ │ 
2020-07-14 22:04:21,595 INFO     ___FILE_ONLY___ Cloud Storage Command Line Tool (Platform Specific)
2020-07-14 22:04:21,595 INFO     ___FILE_ONLY___  
2020-07-14 22:04:21,595 INFO     ___FILE_ONLY___ │ 
2020-07-14 22:04:21,595 INFO     ___FILE_ONLY___       4.51
2020-07-14 22:04:21,595 INFO     ___FILE_ONLY___  
2020-07-14 22:04:21,595 INFO     ___FILE_ONLY___ │ 
2020-07-14 22:04:21,595 INFO     ___FILE_ONLY___  < 1 MiB
2020-07-14 22:04:21,595 INFO     ___FILE_ONLY___  
2020-07-14 22:04:21,596 INFO     ___FILE_ONLY___ │
2020-07-14 22:04:21,596 INFO     ___FILE_ONLY___ 

2020-07-14 22:04:21,596 INFO     ___FILE_ONLY___ │ 
2020-07-14 22:04:21,596 INFO     ___FILE_ONLY___ Default set of gcloud commands                     
2020-07-14 22:04:21,596 INFO     ___FILE_ONLY___  
2020-07-14 22:04:21,596 INFO     ___FILE_ONLY___ │ 
2020-07-14 22:04:21,596 INFO     ___FILE_ONLY___           
2020-07-14 22:04:21,596 INFO     ___FILE_ONLY___  
2020-07-14 22:04:21,596 INFO     ___FILE_ONLY___ │ 
2020-07-14 22:04:21,597 INFO     ___FILE_ONLY___         
2020-07-14 22:04:21,597 INFO     ___FILE_ONLY___  
2020-07-14 22:04:21,597 INFO     ___FILE_ONLY___ │
2020-07-14 22:04:21,597 INFO     ___FILE_ONLY___ 

2020-07-14 22:04:21,597 INFO     ___FILE_ONLY___ │ 
2020-07-14 22:04:21,597 INFO     ___FILE_ONLY___ anthoscli                                          
2020-07-14 22:04:21,597 INFO     ___FILE_ONLY___  
2020-07-14 22:04:21,597 INFO     ___FILE_ONLY___ │ 
2020-07-14 22:04:21,598 INFO     ___FILE_ONLY___      0.2.3
2020-07-14 22:04:21,598 INFO     ___FILE_ONLY___  
2020-07-14 22:04:21,598 INFO     ___FILE_ONLY___ │ 
2020-07-14 22:04:21,598 INFO     ___FILE_ONLY___ 52.4 MiB
2020-07-14 22:04:21,598 INFO     ___FILE_ONLY___  
2020-07-14 22:04:21,598 INFO     ___FILE_ONLY___ │
2020-07-14 22:04:21,599 INFO     ___FILE_ONLY___ 

2020-07-14 22:04:21,599 INFO     ___FILE_ONLY___ │ 
2020-07-14 22:04:21,599 INFO     ___FILE_ONLY___ anthoscli                                          
2020-07-14 22:04:21,599 INFO     ___FILE_ONLY___  
2020-07-14 22:04:21,599 INFO     ___FILE_ONLY___ │ 
2020-07-14 22:04:21,599 INFO     ___FILE_ONLY___           
2020-07-14 22:04:21,599 INFO     ___FILE_ONLY___  
2020-07-14 22:04:21,599 INFO     ___FILE_ONLY___ │ 
2020-07-14 22:04:21,599 INFO     ___FILE_ONLY___         
2020-07-14 22:04:21,599 INFO     ___FILE_ONLY___  
2020-07-14 22:04:21,600 INFO     ___FILE_ONLY___ │
2020-07-14 22:04:21,600 INFO     ___FILE_ONLY___ 

2020-07-14 22:04:21,600 INFO     ___FILE_ONLY___ │ 
2020-07-14 22:04:21,600 INFO     ___FILE_ONLY___ gcloud cli dependencies                            
2020-07-14 22:04:21,600 INFO     ___FILE_ONLY___  
2020-07-14 22:04:21,600 INFO     ___FILE_ONLY___ │ 
2020-07-14 22:04:21,600 INFO     ___FILE_ONLY___ 2020.06.12
2020-07-14 22:04:21,600 INFO     ___FILE_ONLY___  
2020-07-14 22:04:21,600 INFO     ___FILE_ONLY___ │ 
2020-07-14 22:04:21,600 INFO     ___FILE_ONLY___  < 1 MiB
2020-07-14 22:04:21,601 INFO     ___FILE_ONLY___  
2020-07-14 22:04:21,601 INFO     ___FILE_ONLY___ │
2020-07-14 22:04:21,601 INFO     ___FILE_ONLY___ 

2020-07-14 22:04:21,601 INFO     ___FILE_ONLY___ └─────────────────────────────────────────────────────┴────────────┴──────────┘
2020-07-14 22:04:21,601 INFO     ___FILE_ONLY___ 

2020-07-14 22:04:21,601 INFO     ___FILE_ONLY___ 

2020-07-14 22:04:22,225 INFO     ___FILE_ONLY___ For the latest full release notes, please visit:
  https://cloud.google.com/sdk/release_notes


2020-07-14 22:04:22,226 INFO     ___FILE_ONLY___ ╔════════════════════════════════════════════════════════════╗

2020-07-14 22:04:22,226 INFO     ___FILE_ONLY___ ╠═ Creating update staging area                             ═╣

2020-07-14 22:04:22,226 INFO     ___FILE_ONLY___ ╚
2020-07-14 22:04:22,226 INFO     ___FILE_ONLY___ ══════
2020-07-14 22:04:22,226 INFO     ___FILE_ONLY___ ══════
2020-07-14 22:04:22,227 INFO     ___FILE_ONLY___ ══════
2020-07-14 22:04:22,386 INFO     ___FILE_ONLY___ ═
2020-07-14 22:04:22,582 INFO     ___FILE_ONLY___ ═
2020-07-14 22:04:22,932 INFO     ___FILE_ONLY___ ═
2020-07-14 22:04:23,038 INFO     ___FILE_ONLY___ ═
2020-07-14 22:04:23,173 INFO     ___FILE_ONLY___ ═
2020-07-14 22:04:23,261 INFO     ___FILE_ONLY___ ═
2020-07-14 22:04:23,337 INFO     ___FILE_ONLY___ ═
2020-07-14 22:04:23,479 INFO     ___FILE_ONLY___ ═
2020-07-14 22:04:23,605 INFO     ___FILE_ONLY___ ═
2020-07-14 22:04:23,745 INFO     ___FILE_ONLY___ ═
2020-07-14 22:04:23,872 INFO     ___FILE_ONLY___ ═
2020-07-14 22:04:24,000 INFO     ___FILE_ONLY___ ═
2020-07-14 22:04:24,116 INFO     ___FILE_ONLY___ ═
2020-07-14 22:04:24,236 INFO     ___FILE_ONLY___ ═
2020-07-14 22:04:24,413 INFO     ___FILE_ONLY___ ═
2020-07-14 22:04:24,561 INFO     ___FILE_ONLY___ ═
2020-07-14 22:04:24,814 INFO     ___FILE_ONLY___ ═
2020-07-14 22:04:24,931 INFO     ___FILE_ONLY___ ═
2020-07-14 22:04:25,078 INFO     ___FILE_ONLY___ ═
2020-07-14 22:04:25,195 INFO     ___FILE_ONLY___ ═
2020-07-14 22:04:25,318 INFO     ___FILE_ONLY___ ═
2020-07-14 22:04:25,468 INFO     ___FILE_ONLY___ ═
2020-07-14 22:04:25,647 INFO     ___FILE_ONLY___ ═
2020-07-14 22:04:25,797 INFO     ___FILE_ONLY___ ═
2020-07-14 22:04:25,945 INFO     ___FILE_ONLY___ ═
2020-07-14 22:04:26,122 INFO     ___FILE_ONLY___ ═
2020-07-14 22:04:26,255 INFO     ___FILE_ONLY___ ═
2020-07-14 22:04:26,387 INFO     ___FILE_ONLY___ ═
2020-07-14 22:04:26,537 INFO     ___FILE_ONLY___ ═
2020-07-14 22:04:26,638 INFO     ___FILE_ONLY___ ═
2020-07-14 22:04:26,813 INFO     ___FILE_ONLY___ ═
2020-07-14 22:04:26,988 INFO     ___FILE_ONLY___ ═
2020-07-14 22:04:27,186 INFO     ___FILE_ONLY___ ═
2020-07-14 22:04:27,347 INFO     ___FILE_ONLY___ ═
2020-07-14 22:04:27,480 INFO     ___FILE_ONLY___ ═
2020-07-14 22:04:27,662 INFO     ___FILE_ONLY___ ═
2020-07-14 22:04:27,899 INFO     ___FILE_ONLY___ ═
2020-07-14 22:04:28,191 INFO     ___FILE_ONLY___ ═
2020-07-14 22:04:28,548 INFO     ___FILE_ONLY___ ═
2020-07-14 22:04:28,749 INFO     ___FILE_ONLY___ ═
2020-07-14 22:04:29,165 INFO     ___FILE_ONLY___ ═
2020-07-14 22:04:29,681 INFO     ___FILE_ONLY___ ═
2020-07-14 22:04:29,681 INFO     ___FILE_ONLY___ ╝

2020-07-14 22:04:30,901 INFO     ___FILE_ONLY___ ╔════════════════════════════════════════════════════════════╗

2020-07-14 22:04:30,901 INFO     ___FILE_ONLY___ ╠═ Installing: BigQuery Command Line Tool                   ═╣

2020-07-14 22:04:30,902 INFO     ___FILE_ONLY___ ╚
2020-07-14 22:04:31,198 INFO     ___FILE_ONLY___ ═
2020-07-14 22:04:31,227 INFO     ___FILE_ONLY___ ═
2020-07-14 22:04:31,242 INFO     ___FILE_ONLY___ ═
2020-07-14 22:04:31,255 INFO     ___FILE_ONLY___ ═
2020-07-14 22:04:31,265 INFO     ___FILE_ONLY___ ═
2020-07-14 22:04:31,275 INFO     ___FILE_ONLY___ ═
2020-07-14 22:04:31,284 INFO     ___FILE_ONLY___ ═
2020-07-14 22:04:31,287 INFO     ___FILE_ONLY___ ═
2020-07-14 22:04:31,293 INFO     ___FILE_ONLY___ ═
2020-07-14 22:04:31,302 INFO     ___FILE_ONLY___ ═
2020-07-14 22:04:31,313 INFO     ___FILE_ONLY___ ═
2020-07-14 22:04:31,319 INFO     ___FILE_ONLY___ ═
2020-07-14 22:04:31,321 INFO     ___FILE_ONLY___ ═
2020-07-14 22:04:31,325 INFO     ___FILE_ONLY___ ═
2020-07-14 22:04:31,329 INFO     ___FILE_ONLY___ ═
2020-07-14 22:04:31,330 INFO     ___FILE_ONLY___ ═
2020-07-14 22:04:31,333 INFO     ___FILE_ONLY___ ═
2020-07-14 22:04:31,342 INFO     ___FILE_ONLY___ ═
2020-07-14 22:04:31,351 INFO     ___FILE_ONLY___ ═
2020-07-14 22:04:31,354 INFO     ___FILE_ONLY___ ═
2020-07-14 22:04:31,356 INFO     ___FILE_ONLY___ ═
2020-07-14 22:04:31,362 INFO     ___FILE_ONLY___ ═
2020-07-14 22:04:31,363 INFO     ___FILE_ONLY___ ═
2020-07-14 22:04:31,368 INFO     ___FILE_ONLY___ ═
2020-07-14 22:04:31,373 INFO     ___FILE_ONLY___ ═
2020-07-14 22:04:31,384 INFO     ___FILE_ONLY___ ═
2020-07-14 22:04:31,395 INFO     ___FILE_ONLY___ ═
2020-07-14 22:04:31,398 INFO     ___FILE_ONLY___ ═
2020-07-14 22:04:31,400 INFO     ___FILE_ONLY___ ═
2020-07-14 22:04:31,405 INFO     ___FILE_ONLY___ ═
2020-07-14 22:04:31,464 INFO     ___FILE_ONLY___ ═
2020-07-14 22:04:31,468 INFO     ___FILE_ONLY___ ═
2020-07-14 22:04:31,471 INFO     ___FILE_ONLY___ ═
2020-07-14 22:04:31,476 INFO     ___FILE_ONLY___ ═
2020-07-14 22:04:31,482 INFO     ___FILE_ONLY___ ═
2020-07-14 22:04:31,485 INFO     ___FILE_ONLY___ ═
2020-07-14 22:04:31,490 INFO     ___FILE_ONLY___ ═
2020-07-14 22:04:31,494 INFO     ___FILE_ONLY___ ═
2020-07-14 22:04:31,501 INFO     ___FILE_ONLY___ ═
2020-07-14 22:04:31,505 INFO     ___FILE_ONLY___ ═
2020-07-14 22:04:31,509 INFO     ___FILE_ONLY___ ═
2020-07-14 22:04:31,514 INFO     ___FILE_ONLY___ ═
2020-07-14 22:04:31,519 INFO     ___FILE_ONLY___ ═
2020-07-14 22:04:31,524 INFO     ___FILE_ONLY___ ═
2020-07-14 22:04:31,534 INFO     ___FILE_ONLY___ ═
2020-07-14 22:04:31,538 INFO     ___FILE_ONLY___ ═
2020-07-14 22:04:31,544 INFO     ___FILE_ONLY___ ═
2020-07-14 22:04:31,551 INFO     ___FILE_ONLY___ ═
2020-07-14 22:04:31,557 INFO     ___FILE_ONLY___ ═
2020-07-14 22:04:31,569 INFO     ___FILE_ONLY___ ═
2020-07-14 22:04:31,579 INFO     ___FILE_ONLY___ ═
2020-07-14 22:04:31,588 INFO     ___FILE_ONLY___ ═
2020-07-14 22:04:31,594 INFO     ___FILE_ONLY___ ═
2020-07-14 22:04:31,603 INFO     ___FILE_ONLY___ ═
2020-07-14 22:04:31,608 INFO     ___FILE_ONLY___ ═
2020-07-14 22:04:31,617 INFO     ___FILE_ONLY___ ═
2020-07-14 22:04:31,622 INFO     ___FILE_ONLY___ ═
2020-07-14 22:04:31,631 INFO     ___FILE_ONLY___ ═
2020-07-14 22:04:31,638 INFO     ___FILE_ONLY___ ═
2020-07-14 22:04:31,656 INFO     ___FILE_ONLY___ ═
2020-07-14 22:04:31,656 INFO     ___FILE_ONLY___ ╝

2020-07-14 22:04:31,673 INFO     ___FILE_ONLY___ ╔════════════════════════════════════════════════════════════╗

2020-07-14 22:04:31,674 INFO     ___FILE_ONLY___ ╠═ Installing: BigQuery Command Line Tool (Platform Spec... ═╣

2020-07-14 22:04:31,690 INFO     ___FILE_ONLY___ ╚
2020-07-14 22:04:31,928 INFO     ___FILE_ONLY___ ══════════════════════════════
2020-07-14 22:04:31,929 INFO     ___FILE_ONLY___ ═══════════════
2020-07-14 22:04:31,931 INFO     ___FILE_ONLY___ ═══════════════
2020-07-14 22:04:31,931 INFO     ___FILE_ONLY___ ╝

2020-07-14 22:04:31,935 INFO     ___FILE_ONLY___ ╔════════════════════════════════════════════════════════════╗

2020-07-14 22:04:31,935 INFO     ___FILE_ONLY___ ╠═ Installing: Cloud SDK Core Libraries (Platform Specific) ═╣

2020-07-14 22:04:31,935 INFO     ___FILE_ONLY___ ╚
2020-07-14 22:04:32,144 INFO     ___FILE_ONLY___ ══════════════════════════════
2020-07-14 22:04:32,145 INFO     ___FILE_ONLY___ ══════════
2020-07-14 22:04:32,148 INFO     ___FILE_ONLY___ ═════════
2020-07-14 22:04:32,149 INFO     ___FILE_ONLY___ ═══════════
2020-07-14 22:04:32,149 INFO     ___FILE_ONLY___ ╝

2020-07-14 22:04:32,152 INFO     ___FILE_ONLY___ ╔════════════════════════════════════════════════════════════╗

2020-07-14 22:04:32,152 INFO     ___FILE_ONLY___ ╠═ Installing: Cloud Storage Command Line Tool              ═╣

2020-07-14 22:04:32,152 INFO     ___FILE_ONLY___ ╚
2020-07-14 22:04:32,486 INFO     ___FILE_ONLY___ ═
2020-07-14 22:04:32,524 INFO     ___FILE_ONLY___ ═
2020-07-14 22:04:32,539 INFO     ___FILE_ONLY___ ═
2020-07-14 22:04:32,557 INFO     ___FILE_ONLY___ ═
2020-07-14 22:04:32,567 INFO     ___FILE_ONLY___ ═
2020-07-14 22:04:32,578 INFO     ___FILE_ONLY___ ═
2020-07-14 22:04:32,588 INFO     ___FILE_ONLY___ ═
2020-07-14 22:04:32,600 INFO     ___FILE_ONLY___ ═
2020-07-14 22:04:32,638 INFO     ___FILE_ONLY___ ═
2020-07-14 22:04:32,645 INFO     ___FILE_ONLY___ ═
2020-07-14 22:04:32,650 INFO     ___FILE_ONLY___ ═
2020-07-14 22:04:32,651 INFO     ___FILE_ONLY___ ═
2020-07-14 22:04:32,658 INFO     ___FILE_ONLY___ ═
2020-07-14 22:04:32,664 INFO     ___FILE_ONLY___ ═
2020-07-14 22:04:32,675 INFO     ___FILE_ONLY___ ═
2020-07-14 22:04:32,702 INFO     ___FILE_ONLY___ ═
2020-07-14 22:04:32,709 INFO     ___FILE_ONLY___ ═
2020-07-14 22:04:32,716 INFO     ___FILE_ONLY___ ═
2020-07-14 22:04:32,720 INFO     ___FILE_ONLY___ ═
2020-07-14 22:04:32,731 INFO     ___FILE_ONLY___ ═
2020-07-14 22:04:32,741 INFO     ___FILE_ONLY___ ═
2020-07-14 22:04:32,752 INFO     ___FILE_ONLY___ ═
2020-07-14 22:04:32,762 INFO     ___FILE_ONLY___ ═
2020-07-14 22:04:32,773 INFO     ___FILE_ONLY___ ═
2020-07-14 22:04:32,783 INFO     ___FILE_ONLY___ ═
2020-07-14 22:04:32,794 INFO     ___FILE_ONLY___ ═
2020-07-14 22:04:32,803 INFO     ___FILE_ONLY___ ═
2020-07-14 22:04:32,817 INFO     ___FILE_ONLY___ ═
2020-07-14 22:04:32,826 INFO     ___FILE_ONLY___ ═
2020-07-14 22:04:32,836 INFO     ___FILE_ONLY___ ═
2020-07-14 22:04:33,101 INFO     ___FILE_ONLY___ ═
2020-07-14 22:04:33,131 INFO     ___FILE_ONLY___ ═
2020-07-14 22:04:33,156 INFO     ___FILE_ONLY___ ═
2020-07-14 22:04:33,179 INFO     ___FILE_ONLY___ ═
2020-07-14 22:04:33,205 INFO     ___FILE_ONLY___ ═
2020-07-14 22:04:33,228 INFO     ___FILE_ONLY___ ═
2020-07-14 22:04:33,255 INFO     ___FILE_ONLY___ ═
2020-07-14 22:04:33,277 INFO     ___FILE_ONLY___ ═
2020-07-14 22:04:33,311 INFO     ___FILE_ONLY___ ═
2020-07-14 22:04:33,352 INFO     ___FILE_ONLY___ ═
2020-07-14 22:04:33,381 INFO     ___FILE_ONLY___ ═
2020-07-14 22:04:33,409 INFO     ___FILE_ONLY___ ═
2020-07-14 22:04:33,439 INFO     ___FILE_ONLY___ ═
2020-07-14 22:04:33,468 INFO     ___FILE_ONLY___ ═
2020-07-14 22:04:33,497 INFO     ___FILE_ONLY___ ═
2020-07-14 22:04:33,526 INFO     ___FILE_ONLY___ ═
2020-07-14 22:04:33,558 INFO     ___FILE_ONLY___ ═
2020-07-14 22:04:33,592 INFO     ___FILE_ONLY___ ═
2020-07-14 22:04:33,622 INFO     ___FILE_ONLY___ ═
2020-07-14 22:04:33,650 INFO     ___FILE_ONLY___ ═
2020-07-14 22:04:33,672 INFO     ___FILE_ONLY___ ═
2020-07-14 22:04:33,700 INFO     ___FILE_ONLY___ ═
2020-07-14 22:04:33,730 INFO     ___FILE_ONLY___ ═
2020-07-14 22:04:33,766 INFO     ___FILE_ONLY___ ═
2020-07-14 22:04:33,792 INFO     ___FILE_ONLY___ ═
2020-07-14 22:04:33,822 INFO     ___FILE_ONLY___ ═
2020-07-14 22:04:33,845 INFO     ___FILE_ONLY___ ═
2020-07-14 22:04:33,877 INFO     ___FILE_ONLY___ ═
2020-07-14 22:04:33,905 INFO     ___FILE_ONLY___ ═
2020-07-14 22:04:33,935 INFO     ___FILE_ONLY___ ═
2020-07-14 22:04:33,935 INFO     ___FILE_ONLY___ ╝

2020-07-14 22:04:33,973 INFO     ___FILE_ONLY___ ╔════════════════════════════════════════════════════════════╗

2020-07-14 22:04:33,973 INFO     ___FILE_ONLY___ ╠═ Installing: Cloud Storage Command Line Tool (Platform... ═╣

2020-07-14 22:04:33,973 INFO     ___FILE_ONLY___ ╚
2020-07-14 22:04:34,303 INFO     ___FILE_ONLY___ ══════════════════════════════
2020-07-14 22:04:34,304 INFO     ___FILE_ONLY___ ═══════════════
2020-07-14 22:04:34,304 INFO     ___FILE_ONLY___ ═══════════════
2020-07-14 22:04:34,305 INFO     ___FILE_ONLY___ ╝

2020-07-14 22:04:34,308 INFO     ___FILE_ONLY___ ╔════════════════════════════════════════════════════════════╗

2020-07-14 22:04:34,308 INFO     ___FILE_ONLY___ ╠═ Installing: Default set of gcloud commands               ═╣

2020-07-14 22:04:34,308 INFO     ___FILE_ONLY___ ╚
2020-07-14 22:04:34,311 INFO     ___FILE_ONLY___ ════════════════════════════════════════════════════════════
2020-07-14 22:04:34,312 INFO     ___FILE_ONLY___ ╝

2020-07-14 22:04:34,312 INFO     ___FILE_ONLY___ ╔════════════════════════════════════════════════════════════╗

2020-07-14 22:04:34,312 INFO     ___FILE_ONLY___ ╠═ Installing: anthoscli                                    ═╣

2020-07-14 22:04:34,312 INFO     ___FILE_ONLY___ ╚
2020-07-14 22:04:34,784 INFO     ___FILE_ONLY___ ═
2020-07-14 22:04:34,975 INFO     ___FILE_ONLY___ ═
2020-07-14 22:04:35,148 INFO     ___FILE_ONLY___ ═
2020-07-14 22:04:35,305 INFO     ___FILE_ONLY___ ═
2020-07-14 22:04:35,497 INFO     ___FILE_ONLY___ ═
2020-07-14 22:04:35,716 INFO     ___FILE_ONLY___ ═
2020-07-14 22:04:35,909 INFO     ___FILE_ONLY___ ═
2020-07-14 22:04:36,089 INFO     ___FILE_ONLY___ ═
2020-07-14 22:04:36,283 INFO     ___FILE_ONLY___ ═
2020-07-14 22:04:36,460 INFO     ___FILE_ONLY___ ═
2020-07-14 22:04:36,624 INFO     ___FILE_ONLY___ ═
2020-07-14 22:04:36,791 INFO     ___FILE_ONLY___ ═
2020-07-14 22:04:36,995 INFO     ___FILE_ONLY___ ═
2020-07-14 22:04:37,315 INFO     ___FILE_ONLY___ ═
2020-07-14 22:04:37,639 INFO     ___FILE_ONLY___ ═
2020-07-14 22:04:37,911 INFO     ___FILE_ONLY___ ═
2020-07-14 22:04:38,184 INFO     ___FILE_ONLY___ ═
2020-07-14 22:04:38,473 INFO     ___FILE_ONLY___ ═
2020-07-14 22:04:38,667 INFO     ___FILE_ONLY___ ═
2020-07-14 22:04:38,825 INFO     ___FILE_ONLY___ ═
2020-07-14 22:04:38,991 INFO     ___FILE_ONLY___ ═
2020-07-14 22:04:39,147 INFO     ___FILE_ONLY___ ═
2020-07-14 22:04:39,303 INFO     ___FILE_ONLY___ ═
2020-07-14 22:04:39,459 INFO     ___FILE_ONLY___ ═
2020-07-14 22:04:39,615 INFO     ___FILE_ONLY___ ═
2020-07-14 22:04:39,771 INFO     ___FILE_ONLY___ ═
2020-07-14 22:04:39,931 INFO     ___FILE_ONLY___ ═
2020-07-14 22:04:40,088 INFO     ___FILE_ONLY___ ═
2020-07-14 22:04:40,263 INFO     ___FILE_ONLY___ ═
2020-07-14 22:04:40,424 INFO     ___FILE_ONLY___ ═
2020-07-14 22:04:41,050 INFO     ___FILE_ONLY___ ═════
2020-07-14 22:04:41,050 INFO     ___FILE_ONLY___ ═════
2020-07-14 22:04:41,069 INFO     ___FILE_ONLY___ ═════
2020-07-14 22:04:41,073 INFO     ___FILE_ONLY___ ════
2020-07-14 22:04:41,073 INFO     ___FILE_ONLY___ ══════
2020-07-14 22:04:42,026 INFO     ___FILE_ONLY___ ═════
2020-07-14 22:04:42,026 INFO     ___FILE_ONLY___ ╝

2020-07-14 22:04:42,035 INFO     ___FILE_ONLY___ ╔════════════════════════════════════════════════════════════╗

2020-07-14 22:04:42,035 INFO     ___FILE_ONLY___ ╠═ Installing: anthoscli                                    ═╣

2020-07-14 22:04:42,035 INFO     ___FILE_ONLY___ ╚
2020-07-14 22:04:42,038 INFO     ___FILE_ONLY___ ════════════════════════════════════════════════════════════
2020-07-14 22:04:42,038 INFO     ___FILE_ONLY___ ╝

2020-07-14 22:04:42,039 INFO     ___FILE_ONLY___ ╔════════════════════════════════════════════════════════════╗

2020-07-14 22:04:42,039 INFO     ___FILE_ONLY___ ╠═ Installing: gcloud cli dependencies                      ═╣

2020-07-14 22:04:42,039 INFO     ___FILE_ONLY___ ╚
2020-07-14 22:04:42,226 INFO     ___FILE_ONLY___ ══════════════════════════════
2020-07-14 22:04:42,227 INFO     ___FILE_ONLY___ ══════
2020-07-14 22:04:42,227 INFO     ___FILE_ONLY___ ══════
2020-07-14 22:04:42,228 INFO     ___FILE_ONLY___ ══════
2020-07-14 22:04:42,229 INFO     ___FILE_ONLY___ ══════
2020-07-14 22:04:42,230 INFO     ___FILE_ONLY___ ══════
2020-07-14 22:04:42,230 INFO     ___FILE_ONLY___ ╝

2020-07-14 22:04:42,234 INFO     ___FILE_ONLY___ ╔════════════════════════════════════════════════════════════╗

2020-07-14 22:04:42,234 INFO     ___FILE_ONLY___ ╠═ Creating backup and activating new installation          ═╣

2020-07-14 22:04:42,234 INFO     ___FILE_ONLY___ ╚
2020-07-14 22:04:42,235 DEBUG    root            Attempting to move directory [/usr/local/Caskroom/google-cloud-sdk/latest/google-cloud-sdk] to [/usr/local/Caskroom/google-cloud-sdk/latest/google-cloud-sdk.staging/.install/.backup]
2020-07-14 22:04:42,235 INFO     ___FILE_ONLY___ ══════════════════════════════
2020-07-14 22:04:42,235 DEBUG    root            Attempting to move directory [/usr/local/Caskroom/google-cloud-sdk/latest/google-cloud-sdk.staging] to [/usr/local/Caskroom/google-cloud-sdk/latest/google-cloud-sdk]
2020-07-14 22:04:42,235 INFO     ___FILE_ONLY___ ══════════════════════════════
2020-07-14 22:04:42,236 INFO     ___FILE_ONLY___ ╝

2020-07-14 22:04:42,242 DEBUG    root            Updating notification cache...
2020-07-14 22:04:42,242 INFO     ___FILE_ONLY___ 

2020-07-14 22:04:42,243 INFO     ___FILE_ONLY___ Performing post processing steps...
2020-07-14 22:04:42,243 DEBUG    root            Executing command: ['/usr/local/bin/python3', '-S', '/usr/local/Caskroom/google-cloud-sdk/latest/google-cloud-sdk/lib/gcloud.py', 'components', 'post-process']
2020-07-14 22:05:04,397 DEBUG    ___FILE_ONLY___ 
2020-07-14 22:05:04,402 DEBUG    ___FILE_ONLY___ 
2020-07-14 22:05:04,482 INFO     ___FILE_ONLY___ 
Update done!


2020-07-14 22:05:04,489 INFO     root            Display format: "none"
